<?xml version="1.0" encoding="UTF-8"?>
<!-- Generated by org.testng.reporters.JUnitReportReporter -->
<testsuite hostname="Gerardo-PC" failures="0" tests="1" name="com.falabella.testcases.RegisterTest" time="9.397" errors="0" timestamp="16 mar. 2022 03:17:20 GMT" skipped="0">
  <testcase classname="com.falabella.testcases.RegisterTest" name="registerTest" time="9.397"/>
</testsuite> <!-- com.falabella.testcases.RegisterTest -->
