<?xml version="1.0" encoding="UTF-8"?>
<!-- Generated by org.testng.reporters.JUnitReportReporter -->
<testsuite hostname="Gerardo-PC" failures="0" tests="1" name="com.falabella.testcases.ShoppingCarTest" time="21.971" errors="0" timestamp="16 mar. 2022 03:54:43 GMT" skipped="0">
  <testcase classname="com.falabella.testcases.ShoppingCarTest" name="shoppingCarTest" time="21.971"/>
</testsuite> <!-- com.falabella.testcases.ShoppingCarTest -->
