<?xml version="1.0" encoding="UTF-8"?>
<!-- Generated by org.testng.reporters.JUnitReportReporter -->
<testsuite hostname="Gerardo-PC" failures="0" tests="1" name="com.falabella.testcases.LoginTest" time="18.149" errors="0" timestamp="16 mar. 2022 04:17:40 GMT" skipped="0">
  <testcase classname="com.falabella.testcases.LoginTest" name="loginTest" time="18.149"/>
</testsuite> <!-- com.falabella.testcases.LoginTest -->
